#
# There is insufficient memory for the Java Runtime Environment to continue.
# Native memory allocation (malloc) failed to allocate 32744 bytes for ChunkPool::allocate
# Possible reasons:
#   The system is out of physical RAM or swap space
#   The process is running with CompressedOops enabled, and the Java Heap may be blocking the growth of the native heap
# Possible solutions:
#   Reduce memory load on the system
#   Increase physical memory or swap space
#   Check if swap backing store is full
#   Decrease Java heap size (-Xmx/-Xms)
#   Decrease number of Java threads
#   Decrease Java thread stack sizes (-Xss)
#   Set larger code cache with -XX:ReservedCodeCacheSize=
#   JVM is running with Unscaled Compressed Oops mode in which the Java heap is
#     placed in the first 4GB address space. The Java Heap base address is the
#     maximum limit for the native heap growth. Please use -XX:HeapBaseMinAddress
#     to set the Java Heap base and to place the Java Heap above 4GB virtual address.
# This output file may be truncated or incomplete.
#
#  Out of Memory Error (arena.cpp:78), pid=2324, tid=8536
#
# JRE version: OpenJDK Runtime Environment Temurin-17.0.2+8 (17.0.2+8) (build 17.0.2+8)
# Java VM: OpenJDK 64-Bit Server VM Temurin-17.0.2+8 (17.0.2+8, mixed mode, emulated-client, tiered, compressed oops, compressed class ptrs, g1 gc, windows-amd64)
# No core dump will be written. Minidumps are not enabled by default on client versions of Windows
#

---------------  S U M M A R Y ------------

Command Line: -Dcom.sun.management.jmxremote -Dcom.sun.management.jmxremote.port=50546 -Dcom.sun.management.jmxremote.authenticate=false -Dcom.sun.management.jmxremote.ssl=false -Djava.rmi.server.hostname=localhost -Dspring.jmx.enabled=true -Dspring.application.admin.enabled=true -XX:TieredStopAtLevel=1 -Dspring.boot.project.name=process-pension-microservice -Dfile.encoding=UTF-8 -XX:+ShowCodeDetailsInExceptionMessages com.processpension.ProcessPensionMicroserviceApplication --spring.output.ansi.enabled=always

Host: Intel(R) Xeon(R) CPU E5-2673 v4 @ 2.30GHz, 2 cores, 7G,  Windows 10 , 64 bit Build 19041 (10.0.19041.1741)
Time: Wed Jun 22 08:12:35 2022 Coordinated Universal Time elapsed time: 1.419360 seconds (0d 0h 0m 1s)

---------------  T H R E A D  ---------------

Current thread (0x000001fe1d12f410):  JavaThread "C1 CompilerThread0" daemon [_thread_in_native, id=8536, stack(0x000000a5a8100000,0x000000a5a8200000)]


Current CompileTask:
C1:   1419  767       1      
[error occurred during error reporting (printing current compile task), id 0xe0000001, Out of Memory Error (e:\jenkins\tmp\workspace\build\src\src\hotspot\share\memory\arena.cpp:78)]

Stack: [0x000000a5a8100000,0x000000a5a8200000]
Native frames: (J=compiled Java code, j=interpreted, Vv=VM code, C=native code)
V  [jvm.dll+0x67564a]
V  [jvm.dll+0x82fc04]
V  [jvm.dll+0x8313ae]
V  [jvm.dll+0x831a13]
V  [jvm.dll+0x245235]
V  [jvm.dll+0xabfc0]
V  [jvm.dll+0xac30c]
V  [jvm.dll+0x79d6ac]
V  [jvm.dll+0x79d799]
V  [jvm.dll+0x6294a9]
V  [jvm.dll+0x22b886]
V  [jvm.dll+0x22be07]
V  [jvm.dll+0x82fa9a]
V  [jvm.dll+0x8313ae]
V  [jvm.dll+0x831a13]
V  [jvm.dll+0x245235]
V  [jvm.dll+0xabfc0]
V  [jvm.dll+0xac30c]
V  [jvm.dll+0x137f13]
V  [jvm.dll+0x14b50d]
V  [jvm.dll+0x14a3ec]
V  [jvm.dll+0x133d04]
V  [jvm.dll+0x133f90]
V  [jvm.dll+0x134256]
V  [jvm.dll+0x1336ea]
V  [jvm.dll+0x1353b1]
V  [jvm.dll+0x226ef8]
V  [jvm.dll+0x22503c]
V  [jvm.dll+0x7e596b]
V  [jvm.dll+0x7dff2a]
V  [jvm.dll+0x6744d5]
C  [ucrtbase.dll+0x21bb2]
C  [KERNEL32.DLL+0x17034]
C  [ntdll.dll+0x52651]


---------------  P R O C E S S  ---------------

Threads class SMR info:
_java_thread_list=0x000001fe1dd928f0, length=12, elements={
0x000001fe0fe7a200, 0x000001fe1d118620, 0x000001fe1d119620, 0x000001fe1d0e76b0,
0x000001fe1d0e8230, 0x000001fe1d0e9b00, 0x000001fe1d0ea3c0, 0x000001fe1d12f410,
0x000001fe1d13f1f0, 0x000001fe1d06e450, 0x000001fe1d14d8e0, 0x000001fe1ddaf050
}

Java Threads: ( => current thread )
  0x000001fe0fe7a200 JavaThread "main" [_thread_in_vm, id=5880, stack(0x000000a5a7400000,0x000000a5a7500000)]
  0x000001fe1d118620 JavaThread "Reference Handler" daemon [_thread_blocked, id=12500, stack(0x000000a5a7b00000,0x000000a5a7c00000)]
  0x000001fe1d119620 JavaThread "Finalizer" daemon [_thread_blocked, id=9920, stack(0x000000a5a7c00000,0x000000a5a7d00000)]
  0x000001fe1d0e76b0 JavaThread "Signal Dispatcher" daemon [_thread_blocked, id=5116, stack(0x000000a5a7d00000,0x000000a5a7e00000)]
  0x000001fe1d0e8230 JavaThread "Attach Listener" daemon [_thread_blocked, id=5336, stack(0x000000a5a7e00000,0x000000a5a7f00000)]
  0x000001fe1d0e9b00 JavaThread "Service Thread" daemon [_thread_blocked, id=3544, stack(0x000000a5a7f00000,0x000000a5a8000000)]
  0x000001fe1d0ea3c0 JavaThread "Monitor Deflation Thread" daemon [_thread_blocked, id=2956, stack(0x000000a5a8000000,0x000000a5a8100000)]
=>0x000001fe1d12f410 JavaThread "C1 CompilerThread0" daemon [_thread_in_native, id=8536, stack(0x000000a5a8100000,0x000000a5a8200000)]
  0x000001fe1d13f1f0 JavaThread "Sweeper thread" daemon [_thread_blocked, id=12596, stack(0x000000a5a8200000,0x000000a5a8300000)]
  0x000001fe1d06e450 JavaThread "Common-Cleaner" daemon [_thread_blocked, id=2512, stack(0x000000a5a8300000,0x000000a5a8400000)]
  0x000001fe1d14d8e0 JavaThread "C1 CompilerThread1" daemon [_thread_in_native, id=7284, stack(0x000000a5a8400000,0x000000a5a8500000)]
  0x000001fe1ddaf050 JavaThread "Notification Thread" daemon [_thread_blocked, id=13240, stack(0x000000a5a8500000,0x000000a5a8600000)]

Other Threads:
  0x000001fe1d0ff7b0 VMThread "VM Thread" [stack: 0x000000a5a7a00000,0x000000a5a7b00000] [id=696]
  0x000001fe0febaa60 GCTaskThread "GC Thread#0" [stack: 0x000000a5a7500000,0x000000a5a7600000] [id=12436]
  0x000001fe1e13be90 GCTaskThread "GC Thread#1" [stack: 0x000000a5a8600000,0x000000a5a8700000] [id=11896]
  0x000001fe0fecb8b0 ConcurrentGCThread "G1 Main Marker" [stack: 0x000000a5a7600000,0x000000a5a7700000] [id=10028]
  0x000001fe0fecc1d0 ConcurrentGCThread "G1 Conc#0" [stack: 0x000000a5a7700000,0x000000a5a7800000] [id=12352]
  0x000001fe0ff389f0 ConcurrentGCThread "G1 Refine#0" [stack: 0x000000a5a7800000,0x000000a5a7900000] [id=12896]
  0x000001fe0ff39320 ConcurrentGCThread "G1 Service" [stack: 0x000000a5a7900000,0x000000a5a7a00000] [id=11364]

Threads with active compile tasks:
C1 CompilerThread0     1459  767       1       sun.security.provider.ByteArrayAccess::b2iBig64 (231 bytes)
C1 CompilerThread1     1459  768       1       sun.nio.fs.WindowsPathParser::parse (384 bytes)

VM state: not at safepoint (normal execution)

VM Mutex/Monitor currently owned by a thread:  ([mutex/lock_event])
[0x000001fe0fe72dd0] Metaspace_lock - owner thread: 0x000001fe0fe7a200

Heap address: 0x0000000080000000, size: 2048 MB, Compressed Oops mode: 32-bit

CDS archive(s) not mapped
Compressed class space mapped at: 0x0000000100000000-0x0000000140000000, reserved size: 1073741824
Narrow klass base: 0x0000000000000000, Narrow klass shift: 3, Narrow klass range: 0x140000000

GC Precious Log:
 CPUs: 2 total, 2 available
 Memory: 8190M
 Large Page Support: Disabled
 NUMA Support: Disabled
 Compressed Oops: Enabled (32-bit)
 Heap Region Size: 1M
 Heap Min Capacity: 8M
 Heap Initial Capacity: 128M
 Heap Max Capacity: 2G
 Pre-touch: Disabled
 Parallel Workers: 2
 Concurrent Workers: 1
 Concurrent Refinement Workers: 2
 Periodic GC: Disabled

Heap:
 garbage-first heap   total 131072K, used 6744K [0x0000000080000000, 0x0000000100000000)
  region size 1024K, 4 young (4096K), 1 survivors (1024K)
 Metaspace       used 10789K, committed 10944K, reserved 1064960K
  class space    used 1069K, committed 1152K, reserved 1048576K

Heap Regions: E=young(eden), S=young(survivor), O=old, HS=humongous(starts), HC=humongous(continues), CS=collection set, F=free, OA=open archive, CA=closed archive, TAMS=top-at-mark-start (previous, next)
|   0|0x0000000080000000, 0x0000000080100000, 0x0000000080100000|100%|HS|  |TAMS 0x0000000080000000, 0x0000000080000000| Complete 
|   1|0x0000000080100000, 0x0000000080200000, 0x0000000080200000|100%| O|  |TAMS 0x0000000080100000, 0x0000000080100000| Untracked 
|   2|0x0000000080200000, 0x0000000080300000, 0x0000000080300000|100%| O|  |TAMS 0x0000000080200000, 0x0000000080200000| Untracked 
|   3|0x0000000080300000, 0x0000000080396200, 0x0000000080400000| 58%| O|  |TAMS 0x0000000080300000, 0x0000000080300000| Untracked 
|   4|0x0000000080400000, 0x0000000080400000, 0x0000000080500000|  0%| F|  |TAMS 0x0000000080400000, 0x0000000080400000| Untracked 
|   5|0x0000000080500000, 0x0000000080500000, 0x0000000080600000|  0%| F|  |TAMS 0x0000000080500000, 0x0000000080500000| Untracked 
|   6|0x0000000080600000, 0x0000000080600000, 0x0000000080700000|  0%| F|  |TAMS 0x0000000080600000, 0x0000000080600000| Untracked 
|   7|0x0000000080700000, 0x0000000080700000, 0x0000000080800000|  0%| F|  |TAMS 0x0000000080700000, 0x0000000080700000| Untracked 
|   8|0x0000000080800000, 0x0000000080800000, 0x0000000080900000|  0%| F|  |TAMS 0x0000000080800000, 0x0000000080800000| Untracked 
|   9|0x0000000080900000, 0x0000000080900000, 0x0000000080a00000|  0%| F|  |TAMS 0x0000000080900000, 0x0000000080900000| Untracked 
|  10|0x0000000080a00000, 0x0000000080a00000, 0x0000000080b00000|  0%| F|  |TAMS 0x0000000080a00000, 0x0000000080a00000| Untracked 
|  11|0x0000000080b00000, 0x0000000080b00000, 0x0000000080c00000|  0%| F|  |TAMS 0x0000000080b00000, 0x0000000080b00000| Untracked 
|  12|0x0000000080c00000, 0x0000000080c00000, 0x0000000080d00000|  0%| F|  |TAMS 0x0000000080c00000, 0x0000000080c00000| Untracked 
|  13|0x0000000080d00000, 0x0000000080d00000, 0x0000000080e00000|  0%| F|  |TAMS 0x0000000080d00000, 0x0000000080d00000| Untracked 
|  14|0x0000000080e00000, 0x0000000080e00000, 0x0000000080f00000|  0%| F|  |TAMS 0x0000000080e00000, 0x0000000080e00000| Untracked 
|  15|0x0000000080f00000, 0x0000000080f00000, 0x0000000081000000|  0%| F|  |TAMS 0x0000000080f00000, 0x0000000080f00000| Untracked 
|  16|0x0000000081000000, 0x0000000081000000, 0x0000000081100000|  0%| F|  |TAMS 0x0000000081000000, 0x0000000081000000| Untracked 
|  17|0x0000000081100000, 0x0000000081100000, 0x0000000081200000|  0%| F|  |TAMS 0x0000000081100000, 0x0000000081100000| Untracked 
|  18|0x0000000081200000, 0x0000000081200000, 0x0000000081300000|  0%| F|  |TAMS 0x0000000081200000, 0x0000000081200000| Untracked 
|  19|0x0000000081300000, 0x0000000081300000, 0x0000000081400000|  0%| F|  |TAMS 0x0000000081300000, 0x0000000081300000| Untracked 
|  20|0x0000000081400000, 0x0000000081400000, 0x0000000081500000|  0%| F|  |TAMS 0x0000000081400000, 0x0000000081400000| Untracked 
|  21|0x0000000081500000, 0x0000000081500000, 0x0000000081600000|  0%| F|  |TAMS 0x0000000081500000, 0x0000000081500000| Untracked 
|  22|0x0000000081600000, 0x0000000081600000, 0x0000000081700000|  0%| F|  |TAMS 0x0000000081600000, 0x0000000081600000| Untracked 
|  23|0x0000000081700000, 0x0000000081700000, 0x0000000081800000|  0%| F|  |TAMS 0x0000000081700000, 0x0000000081700000| Untracked 
|  24|0x0000000081800000, 0x0000000081800000, 0x0000000081900000|  0%| F|  |TAMS 0x0000000081800000, 0x0000000081800000| Untracked 
|  25|0x0000000081900000, 0x0000000081900000, 0x0000000081a00000|  0%| F|  |TAMS 0x0000000081900000, 0x0000000081900000| Untracked 
|  26|0x0000000081a00000, 0x0000000081a00000, 0x0000000081b00000|  0%| F|  |TAMS 0x0000000081a00000, 0x0000000081a00000| Untracked 
|  27|0x0000000081b00000, 0x0000000081b00000, 0x0000000081c00000|  0%| F|  |TAMS 0x0000000081b00000, 0x0000000081b00000| Untracked 
|  28|0x0000000081c00000, 0x0000000081c00000, 0x0000000081d00000|  0%| F|  |TAMS 0x0000000081c00000, 0x0000000081c00000| Untracked 
|  29|0x0000000081d00000, 0x0000000081d00000, 0x0000000081e00000|  0%| F|  |TAMS 0x0000000081d00000, 0x0000000081d00000| Untracked 
|  30|0x0000000081e00000, 0x0000000081e00000, 0x0000000081f00000|  0%| F|  |TAMS 0x0000000081e00000, 0x0000000081e00000| Untracked 
|  31|0x0000000081f00000, 0x0000000081f00000, 0x0000000082000000|  0%| F|  |TAMS 0x0000000081f00000, 0x0000000081f00000| Untracked 
|  32|0x0000000082000000, 0x0000000082000000, 0x0000000082100000|  0%| F|  |TAMS 0x0000000082000000, 0x0000000082000000| Untracked 
|  33|0x0000000082100000, 0x0000000082100000, 0x0000000082200000|  0%| F|  |TAMS 0x0000000082100000, 0x0000000082100000| Untracked 
|  34|0x0000000082200000, 0x0000000082200000, 0x0000000082300000|  0%| F|  |TAMS 0x0000000082200000, 0x0000000082200000| Untracked 
|  35|0x0000000082300000, 0x0000000082300000, 0x0000000082400000|  0%| F|  |TAMS 0x0000000082300000, 0x0000000082300000| Untracked 
|  36|0x0000000082400000, 0x0000000082400000, 0x0000000082500000|  0%| F|  |TAMS 0x0000000082400000, 0x0000000082400000| Untracked 
|  37|0x0000000082500000, 0x0000000082500000, 0x0000000082600000|  0%| F|  |TAMS 0x0000000082500000, 0x0000000082500000| Untracked 
|  38|0x0000000082600000, 0x0000000082600000, 0x0000000082700000|  0%| F|  |TAMS 0x0000000082600000, 0x0000000082600000| Untracked 
|  39|0x0000000082700000, 0x0000000082700000, 0x0000000082800000|  0%| F|  |TAMS 0x0000000082700000, 0x0000000082700000| Untracked 
|  40|0x0000000082800000, 0x0000000082800000, 0x0000000082900000|  0%| F|  |TAMS 0x0000000082800000, 0x0000000082800000| Untracked 
|  41|0x0000000082900000, 0x0000000082900000, 0x0000000082a00000|  0%| F|  |TAMS 0x0000000082900000, 0x0000000082900000| Untracked 
|  42|0x0000000082a00000, 0x0000000082a00000, 0x0000000082b00000|  0%| F|  |TAMS 0x0000000082a00000, 0x0000000082a00000| Untracked 
|  43|0x0000000082b00000, 0x0000000082b00000, 0x0000000082c00000|  0%| F|  |TAMS 0x0000000082b00000, 0x0000000082b00000| Untracked 
|  44|0x0000000082c00000, 0x0000000082c00000, 0x0000000082d00000|  0%| F|  |TAMS 0x0000000082c00000, 0x0000000082c00000| Untracked 
|  45|0x0000000082d00000, 0x0000000082d00000, 0x0000000082e00000|  0%| F|  |TAMS 0x0000000082d00000, 0x0000000082d00000| Untracked 
|  46|0x0000000082e00000, 0x0000000082e00000, 0x0000000082f00000|  0%| F|  |TAMS 0x0000000082e00000, 0x0000000082e00000| Untracked 
|  47|0x0000000082f00000, 0x0000000082f00000, 0x0000000083000000|  0%| F|  |TAMS 0x0000000082f00000, 0x0000000082f00000| Untracked 
|  48|0x0000000083000000, 0x0000000083000000, 0x0000000083100000|  0%| F|  |TAMS 0x0000000083000000, 0x0000000083000000| Untracked 
|  49|0x0000000083100000, 0x0000000083100000, 0x0000000083200000|  0%| F|  |TAMS 0x0000000083100000, 0x0000000083100000| Untracked 
|  50|0x0000000083200000, 0x0000000083200000, 0x0000000083300000|  0%| F|  |TAMS 0x0000000083200000, 0x0000000083200000| Untracked 
|  51|0x0000000083300000, 0x0000000083300000, 0x0000000083400000|  0%| F|  |TAMS 0x0000000083300000, 0x0000000083300000| Untracked 
|  52|0x0000000083400000, 0x0000000083400000, 0x0000000083500000|  0%| F|  |TAMS 0x0000000083400000, 0x0000000083400000| Untracked 
|  53|0x0000000083500000, 0x0000000083500000, 0x0000000083600000|  0%| F|  |TAMS 0x0000000083500000, 0x0000000083500000| Untracked 
|  54|0x0000000083600000, 0x0000000083600000, 0x0000000083700000|  0%| F|  |TAMS 0x0000000083600000, 0x0000000083600000| Untracked 
|  55|0x0000000083700000, 0x0000000083700000, 0x0000000083800000|  0%| F|  |TAMS 0x0000000083700000, 0x0000000083700000| Untracked 
|  56|0x0000000083800000, 0x0000000083800000, 0x0000000083900000|  0%| F|  |TAMS 0x0000000083800000, 0x0000000083800000| Untracked 
|  57|0x0000000083900000, 0x0000000083900000, 0x0000000083a00000|  0%| F|  |TAMS 0x0000000083900000, 0x0000000083900000| Untracked 
|  58|0x0000000083a00000, 0x0000000083a00000, 0x0000000083b00000|  0%| F|  |TAMS 0x0000000083a00000, 0x0000000083a00000| Untracked 
|  59|0x0000000083b00000, 0x0000000083b00000, 0x0000000083c00000|  0%| F|  |TAMS 0x0000000083b00000, 0x0000000083b00000| Untracked 
|  60|0x0000000083c00000, 0x0000000083c00000, 0x0000000083d00000|  0%| F|  |TAMS 0x0000000083c00000, 0x0000000083c00000| Untracked 
|  61|0x0000000083d00000, 0x0000000083d00000, 0x0000000083e00000|  0%| F|  |TAMS 0x0000000083d00000, 0x0000000083d00000| Untracked 
|  62|0x0000000083e00000, 0x0000000083e00000, 0x0000000083f00000|  0%| F|  |TAMS 0x0000000083e00000, 0x0000000083e00000| Untracked 
|  63|0x0000000083f00000, 0x0000000083f00000, 0x0000000084000000|  0%| F|  |TAMS 0x0000000083f00000, 0x0000000083f00000| Untracked 
|  64|0x0000000084000000, 0x0000000084000000, 0x0000000084100000|  0%| F|  |TAMS 0x0000000084000000, 0x0000000084000000| Untracked 
|  65|0x0000000084100000, 0x0000000084100000, 0x0000000084200000|  0%| F|  |TAMS 0x0000000084100000, 0x0000000084100000| Untracked 
|  66|0x0000000084200000, 0x0000000084200000, 0x0000000084300000|  0%| F|  |TAMS 0x0000000084200000, 0x0000000084200000| Untracked 
|  67|0x0000000084300000, 0x0000000084300000, 0x0000000084400000|  0%| F|  |TAMS 0x0000000084300000, 0x0000000084300000| Untracked 
|  68|0x0000000084400000, 0x0000000084400000, 0x0000000084500000|  0%| F|  |TAMS 0x0000000084400000, 0x0000000084400000| Untracked 
|  69|0x0000000084500000, 0x0000000084500000, 0x0000000084600000|  0%| F|  |TAMS 0x0000000084500000, 0x0000000084500000| Untracked 
|  70|0x0000000084600000, 0x0000000084600000, 0x0000000084700000|  0%| F|  |TAMS 0x0000000084600000, 0x0000000084600000| Untracked 
|  71|0x0000000084700000, 0x0000000084700000, 0x0000000084800000|  0%| F|  |TAMS 0x0000000084700000, 0x0000000084700000| Untracked 
|  72|0x0000000084800000, 0x0000000084800000, 0x0000000084900000|  0%| F|  |TAMS 0x0000000084800000, 0x0000000084800000| Untracked 
|  73|0x0000000084900000, 0x0000000084900000, 0x0000000084a00000|  0%| F|  |TAMS 0x0000000084900000, 0x0000000084900000| Untracked 
|  74|0x0000000084a00000, 0x0000000084a00000, 0x0000000084b00000|  0%| F|  |TAMS 0x0000000084a00000, 0x0000000084a00000| Untracked 
|  75|0x0000000084b00000, 0x0000000084b00000, 0x0000000084c00000|  0%| F|  |TAMS 0x0000000084b00000, 0x0000000084b00000| Untracked 
|  76|0x0000000084c00000, 0x0000000084c00000, 0x0000000084d00000|  0%| F|  |TAMS 0x0000000084c00000, 0x0000000084c00000| Untracked 
|  77|0x0000000084d00000, 0x0000000084d00000, 0x0000000084e00000|  0%| F|  |TAMS 0x0000000084d00000, 0x0000000084d00000| Untracked 
|  78|0x0000000084e00000, 0x0000000084e00000, 0x0000000084f00000|  0%| F|  |TAMS 0x0000000084e00000, 0x0000000084e00000| Untracked 
|  79|0x0000000084f00000, 0x0000000084f00000, 0x0000000085000000|  0%| F|  |TAMS 0x0000000084f00000, 0x0000000084f00000| Untracked 
|  80|0x0000000085000000, 0x0000000085000000, 0x0000000085100000|  0%| F|  |TAMS 0x0000000085000000, 0x0000000085000000| Untracked 
|  81|0x0000000085100000, 0x0000000085100000, 0x0000000085200000|  0%| F|  |TAMS 0x0000000085100000, 0x0000000085100000| Untracked 
|  82|0x0000000085200000, 0x0000000085200000, 0x0000000085300000|  0%| F|  |TAMS 0x0000000085200000, 0x0000000085200000| Untracked 
|  83|0x0000000085300000, 0x0000000085300000, 0x0000000085400000|  0%| F|  |TAMS 0x0000000085300000, 0x0000000085300000| Untracked 
|  84|0x0000000085400000, 0x0000000085400000, 0x0000000085500000|  0%| F|  |TAMS 0x0000000085400000, 0x0000000085400000| Untracked 
|  85|0x0000000085500000, 0x0000000085500000, 0x0000000085600000|  0%| F|  |TAMS 0x0000000085500000, 0x0000000085500000| Untracked 
|  86|0x0000000085600000, 0x0000000085600000, 0x0000000085700000|  0%| F|  |TAMS 0x0000000085600000, 0x0000000085600000| Untracked 
|  87|0x0000000085700000, 0x0000000085700000, 0x0000000085800000|  0%| F|  |TAMS 0x0000000085700000, 0x0000000085700000| Untracked 
|  88|0x0000000085800000, 0x0000000085800000, 0x0000000085900000|  0%| F|  |TAMS 0x0000000085800000, 0x0000000085800000| Untracked 
|  89|0x0000000085900000, 0x0000000085900000, 0x0000000085a00000|  0%| F|  |TAMS 0x0000000085900000, 0x0000000085900000| Untracked 
|  90|0x0000000085a00000, 0x0000000085a00000, 0x0000000085b00000|  0%| F|  |TAMS 0x0000000085a00000, 0x0000000085a00000| Untracked 
|  91|0x0000000085b00000, 0x0000000085b00000, 0x0000000085c00000|  0%| F|  |TAMS 0x0000000085b00000, 0x0000000085b00000| Untracked 
|  92|0x0000000085c00000, 0x0000000085c00000, 0x0000000085d00000|  0%| F|  |TAMS 0x0000000085c00000, 0x0000000085c00000| Untracked 
|  93|0x0000000085d00000, 0x0000000085d00000, 0x0000000085e00000|  0%| F|  |TAMS 0x0000000085d00000, 0x0000000085d00000| Untracked 
|  94|0x0000000085e00000, 0x0000000085e00000, 0x0000000085f00000|  0%| F|  |TAMS 0x0000000085e00000, 0x0000000085e00000| Untracked 
|  95|0x0000000085f00000, 0x0000000085f00000, 0x0000000086000000|  0%| F|  |TAMS 0x0000000085f00000, 0x0000000085f00000| Untracked 
|  96|0x0000000086000000, 0x0000000086000000, 0x0000000086100000|  0%| F|  |TAMS 0x0000000086000000, 0x0000000086000000| Untracked 
|  97|0x0000000086100000, 0x0000000086100000, 0x0000000086200000|  0%| F|  |TAMS 0x0000000086100000, 0x0000000086100000| Untracked 
|  98|0x0000000086200000, 0x0000000086200000, 0x0000000086300000|  0%| F|  |TAMS 0x0000000086200000, 0x0000000086200000| Untracked 
|  99|0x0000000086300000, 0x0000000086300000, 0x0000000086400000|  0%| F|  |TAMS 0x0000000086300000, 0x0000000086300000| Untracked 
| 100|0x0000000086400000, 0x0000000086400000, 0x0000000086500000|  0%| F|  |TAMS 0x0000000086400000, 0x0000000086400000| Untracked 
| 101|0x0000000086500000, 0x0000000086500000, 0x0000000086600000|  0%| F|  |TAMS 0x0000000086500000, 0x0000000086500000| Untracked 
| 102|0x0000000086600000, 0x0000000086600000, 0x0000000086700000|  0%| F|  |TAMS 0x0000000086600000, 0x0000000086600000| Untracked 
| 103|0x0000000086700000, 0x0000000086700000, 0x0000000086800000|  0%| F|  |TAMS 0x0000000086700000, 0x0000000086700000| Untracked 
| 104|0x0000000086800000, 0x0000000086800000, 0x0000000086900000|  0%| F|  |TAMS 0x0000000086800000, 0x0000000086800000| Untracked 
| 105|0x0000000086900000, 0x0000000086900000, 0x0000000086a00000|  0%| F|  |TAMS 0x0000000086900000, 0x0000000086900000| Untracked 
| 106|0x0000000086a00000, 0x0000000086a00000, 0x0000000086b00000|  0%| F|  |TAMS 0x0000000086a00000, 0x0000000086a00000| Untracked 
| 107|0x0000000086b00000, 0x0000000086b00000, 0x0000000086c00000|  0%| F|  |TAMS 0x0000000086b00000, 0x0000000086b00000| Untracked 
| 108|0x0000000086c00000, 0x0000000086c00000, 0x0000000086d00000|  0%| F|  |TAMS 0x0000000086c00000, 0x0000000086c00000| Untracked 
| 109|0x0000000086d00000, 0x0000000086d00000, 0x0000000086e00000|  0%| F|  |TAMS 0x0000000086d00000, 0x0000000086d00000| Untracked 
| 110|0x0000000086e00000, 0x0000000086e00000, 0x0000000086f00000|  0%| F|  |TAMS 0x0000000086e00000, 0x0000000086e00000| Untracked 
| 111|0x0000000086f00000, 0x0000000086f00000, 0x0000000087000000|  0%| F|  |TAMS 0x0000000086f00000, 0x0000000086f00000| Untracked 
| 112|0x0000000087000000, 0x0000000087000000, 0x0000000087100000|  0%| F|  |TAMS 0x0000000087000000, 0x0000000087000000| Untracked 
| 113|0x0000000087100000, 0x0000000087100000, 0x0000000087200000|  0%| F|  |TAMS 0x0000000087100000, 0x0000000087100000| Untracked 
| 114|0x0000000087200000, 0x0000000087200000, 0x0000000087300000|  0%| F|  |TAMS 0x0000000087200000, 0x0000000087200000| Untracked 
| 115|0x0000000087300000, 0x0000000087300000, 0x0000000087400000|  0%| F|  |TAMS 0x0000000087300000, 0x0000000087300000| Untracked 
| 116|0x0000000087400000, 0x0000000087400000, 0x0000000087500000|  0%| F|  |TAMS 0x0000000087400000, 0x0000000087400000| Untracked 
| 117|0x0000000087500000, 0x0000000087500000, 0x0000000087600000|  0%| F|  |TAMS 0x0000000087500000, 0x0000000087500000| Untracked 
| 118|0x0000000087600000, 0x0000000087600000, 0x0000000087700000|  0%| F|  |TAMS 0x0000000087600000, 0x0000000087600000| Untracked 
| 119|0x0000000087700000, 0x0000000087700000, 0x0000000087800000|  0%| F|  |TAMS 0x0000000087700000, 0x0000000087700000| Untracked 
| 120|0x0000000087800000, 0x0000000087800000, 0x0000000087900000|  0%| F|  |TAMS 0x0000000087800000, 0x0000000087800000| Untracked 
| 121|0x0000000087900000, 0x0000000087a00000, 0x0000000087a00000|100%| S|CS|TAMS 0x0000000087900000, 0x0000000087900000| Complete 
| 122|0x0000000087a00000, 0x0000000087a00000, 0x0000000087b00000|  0%| F|  |TAMS 0x0000000087a00000, 0x0000000087a00000| Untracked 
| 123|0x0000000087b00000, 0x0000000087b00000, 0x0000000087c00000|  0%| F|  |TAMS 0x0000000087b00000, 0x0000000087b00000| Untracked 
| 124|0x0000000087c00000, 0x0000000087c00000, 0x0000000087d00000|  0%| F|  |TAMS 0x0000000087c00000, 0x0000000087c00000| Untracked 
| 125|0x0000000087d00000, 0x0000000087d9a280, 0x0000000087e00000| 60%| E|  |TAMS 0x0000000087d00000, 0x0000000087d00000| Complete 
| 126|0x0000000087e00000, 0x0000000087f00000, 0x0000000087f00000|100%| E|CS|TAMS 0x0000000087e00000, 0x0000000087e00000| Complete 
| 127|0x0000000087f00000, 0x0000000088000000, 0x0000000088000000|100%| E|CS|TAMS 0x0000000087f00000, 0x0000000087f00000| Complete 

Card table byte_map: [0x000001fe16530000,0x000001fe16930000] _byte_map_base: 0x000001fe16130000

Marking Bits (Prev, Next): (CMBitMap*) 0x000001fe0febaf80, (CMBitMap*) 0x000001fe0febafc0
 Prev Bits: [0x000001fe16d30000, 0x000001fe18d30000)
 Next Bits: [0x000001fe18d30000, 0x000001fe1ad30000)

Polling page: 0x000001fe0f650000

Metaspace:

Usage:
  Non-class:      9.49 MB used.
      Class:      1.04 MB used.
       Both:     10.54 MB used.

Virtual space:
  Non-class space:       16.00 MB reserved,       9.56 MB ( 60%) committed,  2 nodes.
      Class space:        1.00 GB reserved,       1.12 MB ( <1%) committed,  1 nodes.
             Both:        1.02 GB reserved,      10.69 MB (  1%) committed. 

Chunk freelists:
   Non-Class:  2.24 MB
       Class:  2.75 MB
        Both:  4.98 MB

MaxMetaspaceSize: unlimited
CompressedClassSpaceSize: 1.00 GB
Initial GC threshold: 21.00 MB
Current GC threshold: 21.00 MB
CDS: off
MetaspaceReclaimPolicy: balanced
 - commit_granule_bytes: 65536.
 - commit_granule_words: 8192.
 - virtual_space_node_default_size: 1048576.
 - enlarge_chunks_in_place: 1.
 - new_chunks_are_fully_committed: 0.
 - uncommit_free_chunks: 1.
 - use_allocation_guard: 0.
 - handle_deallocations: 1.


Internal statistics:

num_allocs_failed_limit: 0.
num_arena_births: 72.
num_arena_deaths: 0.
num_vsnodes_births: 3.
num_vsnodes_deaths: 0.
num_space_committed: 171.
num_space_uncommitted: 0.
num_chunks_returned_to_freelist: 0.
num_chunks_taken_from_freelist: 111.
num_chunk_merges: 0.
num_chunk_splits: 59.
num_chunks_enlarged: 28.
num_purges: 0.
num_inconsistent_stats: 0.

CodeCache: size=49152Kb used=2654Kb max_used=2654Kb free=46498Kb
 bounds [0x000001fe13530000, 0x000001fe137d0000, 0x000001fe16530000]
 total_blobs=1190 nmethods=769 adapters=348
 compilation: enabled
              stopped_count=0, restarted_count=0
 full_count=0

Compilation events (20 events):
Event: 1.407 Thread 0x000001fe1d12f410 nmethod 757 0x000001fe137c3310 code [0x000001fe137c34a0, 0x000001fe137c3578]
Event: 1.407 Thread 0x000001fe1d14d8e0  758   !   1       java.nio.charset.Charset::defaultCharset (53 bytes)
Event: 1.408 Thread 0x000001fe1d14d8e0 nmethod 758 0x000001fe137c3610 code [0x000001fe137c3820, 0x000001fe137c3d38]
Event: 1.409 Thread 0x000001fe1d12f410  759       1       sun.security.provider.DigestBase::engineUpdate (189 bytes)
Event: 1.410 Thread 0x000001fe1d12f410 nmethod 759 0x000001fe137c4010 code [0x000001fe137c4220, 0x000001fe137c4828]
Event: 1.410 Thread 0x000001fe1d14d8e0  760       1       java.security.MessageDigest::update (14 bytes)
Event: 1.410 Thread 0x000001fe1d14d8e0 nmethod 760 0x000001fe137c4b10 code [0x000001fe137c4ca0, 0x000001fe137c4da8]
Event: 1.410 Thread 0x000001fe1d12f410  761       1       java.security.MessageDigest$Delegate::engineUpdate (11 bytes)
Event: 1.410 Thread 0x000001fe1d12f410 nmethod 761 0x000001fe137c4e90 code [0x000001fe137c5020, 0x000001fe137c5108]
Event: 1.410 Thread 0x000001fe1d14d8e0  762       1       java.lang.String::getBytes (15 bytes)
Event: 1.410 Thread 0x000001fe1d14d8e0 nmethod 762 0x000001fe137c5190 code [0x000001fe137c5340, 0x000001fe137c5458]
Event: 1.411 Thread 0x000001fe1d12f410  763       1       java.lang.String::encode (48 bytes)
Event: 1.411 Thread 0x000001fe1d12f410 nmethod 763 0x000001fe137c5510 code [0x000001fe137c56e0, 0x000001fe137c58b8]
Event: 1.411 Thread 0x000001fe1d14d8e0  764       1       java.lang.String::encodeUTF8 (141 bytes)
Event: 1.411 Thread 0x000001fe1d14d8e0 nmethod 764 0x000001fe137c5990 code [0x000001fe137c5b80, 0x000001fe137c6108]
Event: 1.412 Thread 0x000001fe1d12f410  765       1       sun.security.provider.SHA::implCompress (13 bytes)
Event: 1.412 Thread 0x000001fe1d12f410 nmethod 765 0x000001fe137c6310 code [0x000001fe137c64c0, 0x000001fe137c6708]
Event: 1.412 Thread 0x000001fe1d14d8e0  766       1       sun.security.provider.SHA::implCompressCheck (27 bytes)
Event: 1.413 Thread 0x000001fe1d14d8e0 nmethod 766 0x000001fe137c6890 code [0x000001fe137c6a40, 0x000001fe137c6c58]
Event: 1.413 Thread 0x000001fe1d12f410  767       1       sun.security.provider.ByteArrayAccess::b2iBig64 (231 bytes)

GC Heap History (2 events):
Event: 0.943 GC heap before
{Heap before GC invocations=0 (full 0):
 garbage-first heap   total 131072K, used 6144K [0x0000000080000000, 0x0000000100000000)
  region size 1024K, 6 young (6144K), 0 survivors (0K)
 Metaspace       used 8144K, committed 8320K, reserved 1056768K
  class space    used 754K, committed 832K, reserved 1048576K
}
Event: 0.951 GC heap after
{Heap after GC invocations=1 (full 0):
 garbage-first heap   total 131072K, used 4696K [0x0000000080000000, 0x0000000100000000)
  region size 1024K, 1 young (1024K), 1 survivors (1024K)
 Metaspace       used 8144K, committed 8320K, reserved 1056768K
  class space    used 754K, committed 832K, reserved 1048576K
}

Deoptimization events (2 events):
Event: 0.972 Thread 0x000001fe0fe7a200 DEOPT PACKING pc=0x000001fe1375f0f5 sp=0x000000a5a74fced0
Event: 0.972 Thread 0x000001fe0fe7a200 DEOPT UNPACKING pc=0x000001fe13582b43 sp=0x000000a5a74fc340 mode 3

Classes unloaded (0 events):
No events

Classes redefined (0 events):
No events

Internal exceptions (8 events):
Event: 0.788 Thread 0x000001fe0fe7a200 Exception <a 'java/lang/NoSuchMethodError'{0x0000000087a44fe8}: 'java.lang.Object java.lang.invoke.DirectMethodHandle$Holder.invokeStaticInit(java.lang.Object)'> (0x0000000087a44fe8) 
thrown [e:\jenkins\tmp\workspace\build\src\src\hotspot\share\interpreter\linkResolver.cpp, line 766]
Event: 0.839 Thread 0x000001fe0fe7a200 Exception <a 'java/lang/NoSuchMethodError'{0x0000000087a60ed8}: 'int java.lang.invoke.DirectMethodHandle$Holder.invokeInterface(java.lang.Object, java.lang.Object)'> (0x0000000087a60ed8) 
thrown [e:\jenkins\tmp\workspace\build\src\src\hotspot\share\interpreter\linkResolver.cpp, line 766]
Event: 0.839 Thread 0x000001fe0fe7a200 Exception <a 'java/lang/IncompatibleClassChangeError'{0x0000000087a645d8}: Found class java.lang.Object, but interface was expected> (0x0000000087a645d8) 
thrown [e:\jenkins\tmp\workspace\build\src\src\hotspot\share\interpreter\linkResolver.cpp, line 833]
Event: 0.842 Thread 0x000001fe0fe7a200 Exception <a 'java/lang/NoSuchMethodError'{0x0000000087a6a188}: 'void java.lang.invoke.DirectMethodHandle$Holder.invokeStatic(java.lang.Object, java.lang.Object)'> (0x0000000087a6a188) 
thrown [e:\jenkins\tmp\workspace\build\src\src\hotspot\share\interpreter\linkResolver.cpp, line 766]
Event: 0.978 Thread 0x000001fe0fe7a200 Exception <a 'java/lang/NoSuchMethodError'{0x0000000087f38460}: 'int java.lang.invoke.DirectMethodHandle$Holder.invokeSpecial(java.lang.Object, java.lang.Object, java.lang.Object)'> (0x0000000087f38460) 
thrown [e:\jenkins\tmp\workspace\build\src\src\hotspot\share\interpreter\linkResolver.cpp, line 766]
Event: 1.106 Thread 0x000001fe0fe7a200 Exception <a 'java/lang/NoSuchMethodError'{0x0000000087e5bdb8}: 'void java.lang.invoke.DirectMethodHandle$Holder.invokeStatic(java.lang.Object, java.lang.Object, java.lang.Object)'> (0x0000000087e5bdb8) 
thrown [e:\jenkins\tmp\workspace\build\src\src\hotspot\share\interpreter\linkResolver.cpp, line 766]
Event: 1.183 Thread 0x000001fe0fe7a200 Exception <a 'java/lang/NoSuchMethodError'{0x0000000087ea6990}: 'int java.lang.invoke.DirectMethodHandle$Holder.invokeSpecialIFC(java.lang.Object, java.lang.Object, java.lang.Object)'> (0x0000000087ea6990) 
thrown [e:\jenkins\tmp\workspace\build\src\src\hotspot\share\interpreter\linkResolver.cpp, line 766]
Event: 1.283 Thread 0x000001fe0fe7a200 Exception <a 'java/lang/NoSuchMethodError'{0x0000000087d1c800}: 'java.lang.Object java.lang.invoke.DirectMethodHandle$Holder.invokeStaticInit(java.lang.Object, int, int, int, int)'> (0x0000000087d1c800) 
thrown [e:\jenkins\tmp\workspace\build\src\src\hotspot\share\interpreter\linkResolver.cpp, line 766]

VM Operations (8 events):
Event: 0.528 Executing VM operation: HandshakeAllThreads
Event: 0.528 Executing VM operation: HandshakeAllThreads done
Event: 0.937 Executing VM operation: G1CollectForAllocation
Event: 0.951 Executing VM operation: G1CollectForAllocation done
Event: 1.136 Executing VM operation: HandshakeAllThreads
Event: 1.136 Executing VM operation: HandshakeAllThreads done
Event: 1.244 Executing VM operation: HandshakeAllThreads
Event: 1.244 Executing VM operation: HandshakeAllThreads done

Events (20 events):
Event: 1.324 loading class java/net/InterfaceAddress
Event: 1.324 loading class java/net/InterfaceAddress done
Event: 1.325 loading class java/net/DefaultInterface
Event: 1.325 loading class java/net/DefaultInterface done
Event: 1.359 loading class java/net/NetworkInterface$1
Event: 1.359 loading class java/net/NetworkInterface$1 done
Event: 1.392 loading class java/nio/file/Files$AcceptAllFilter
Event: 1.392 loading class java/nio/file/DirectoryStream$Filter
Event: 1.392 loading class java/nio/file/DirectoryStream$Filter done
Event: 1.392 loading class java/nio/file/Files$AcceptAllFilter done
Event: 1.392 loading class sun/nio/fs/WindowsDirectoryStream
Event: 1.392 loading class java/nio/file/DirectoryStream
Event: 1.393 loading class java/nio/file/DirectoryStream done
Event: 1.393 loading class sun/nio/fs/WindowsDirectoryStream done
Event: 1.394 loading class sun/nio/fs/WindowsDirectoryStream$WindowsDirectoryIterator
Event: 1.394 loading class sun/nio/fs/WindowsDirectoryStream$WindowsDirectoryIterator done
Event: 1.394 loading class sun/nio/fs/WindowsPath$WindowsPathWithAttributes
Event: 1.394 loading class sun/nio/fs/BasicFileAttributesHolder
Event: 1.394 loading class sun/nio/fs/BasicFileAttributesHolder done
Event: 1.394 loading class sun/nio/fs/WindowsPath$WindowsPathWithAttributes done


Dynamic libraries:
0x00007ff694c80000 - 0x00007ff694c8e000 	C:\Users\sfjbs\Downloads\spring-20220601T092640Z-001\spring\sts-4.14.1.RELEASE\plugins\org.eclipse.justj.openjdk.hotspot.jre.full.win32.x86_64_17.0.2.v20220201-1208\jre\bin\javaw.exe
0x00007ffa13930000 - 0x00007ffa13b27000 	C:\Windows\SYSTEM32\ntdll.dll
0x00007ffa13830000 - 0x00007ffa138ed000 	C:\Windows\System32\KERNEL32.DLL
0x00007ffa11670000 - 0x00007ffa1193d000 	C:\Windows\System32\KERNELBASE.dll
0x00007ffa11290000 - 0x00007ffa11390000 	C:\Windows\System32\ucrtbase.dll
0x00007ff9fd300000 - 0x00007ff9fd318000 	C:\Users\sfjbs\Downloads\spring-20220601T092640Z-001\spring\sts-4.14.1.RELEASE\plugins\org.eclipse.justj.openjdk.hotspot.jre.full.win32.x86_64_17.0.2.v20220201-1208\jre\bin\jli.dll
0x00007ffa13420000 - 0x00007ffa135c0000 	C:\Windows\System32\USER32.dll
0x00007ffa11130000 - 0x00007ffa11152000 	C:\Windows\System32\win32u.dll
0x00007ffa12750000 - 0x00007ffa1277a000 	C:\Windows\System32\GDI32.dll
0x00007ffa11390000 - 0x00007ffa1149b000 	C:\Windows\System32\gdi32full.dll
0x00007ffa111f0000 - 0x00007ffa1128d000 	C:\Windows\System32\msvcp_win.dll
0x00007ff9fb3f0000 - 0x00007ff9fb409000 	C:\Users\sfjbs\Downloads\spring-20220601T092640Z-001\spring\sts-4.14.1.RELEASE\plugins\org.eclipse.justj.openjdk.hotspot.jre.full.win32.x86_64_17.0.2.v20220201-1208\jre\bin\VCRUNTIME140.dll
0x00007ff9fb5a0000 - 0x00007ff9fb83a000 	C:\Windows\WinSxS\amd64_microsoft.windows.common-controls_6595b64144ccf1df_6.0.19041.1110_none_60b5254171f9507e\COMCTL32.dll
0x00007ffa128d0000 - 0x00007ffa1296e000 	C:\Windows\System32\msvcrt.dll
0x00007ffa13640000 - 0x00007ffa13670000 	C:\Windows\System32\IMM32.DLL
0x00007ffa08ef0000 - 0x00007ffa08efc000 	C:\Users\sfjbs\Downloads\spring-20220601T092640Z-001\spring\sts-4.14.1.RELEASE\plugins\org.eclipse.justj.openjdk.hotspot.jre.full.win32.x86_64_17.0.2.v20220201-1208\jre\bin\vcruntime140_1.dll
0x00007ff9ecc50000 - 0x00007ff9ecce1000 	C:\Users\sfjbs\Downloads\spring-20220601T092640Z-001\spring\sts-4.14.1.RELEASE\plugins\org.eclipse.justj.openjdk.hotspot.jre.full.win32.x86_64_17.0.2.v20220201-1208\jre\bin\msvcp140.dll
0x00007ff9cbce0000 - 0x00007ff9cc927000 	C:\Users\sfjbs\Downloads\spring-20220601T092640Z-001\spring\sts-4.14.1.RELEASE\plugins\org.eclipse.justj.openjdk.hotspot.jre.full.win32.x86_64_17.0.2.v20220201-1208\jre\bin\server\jvm.dll
0x00007ffa11a30000 - 0x00007ffa11ade000 	C:\Windows\System32\ADVAPI32.dll
0x00007ffa11990000 - 0x00007ffa11a2c000 	C:\Windows\System32\sechost.dll
0x00007ffa127a0000 - 0x00007ffa128c5000 	C:\Windows\System32\RPCRT4.dll
0x00007ffa12790000 - 0x00007ffa12798000 	C:\Windows\System32\PSAPI.DLL
0x00007ffa0a4a0000 - 0x00007ffa0a4a9000 	C:\Windows\SYSTEM32\WSOCK32.dll
0x00007ffa136d0000 - 0x00007ffa1373b000 	C:\Windows\System32\WS2_32.dll
0x00007ffa03630000 - 0x00007ffa03657000 	C:\Windows\SYSTEM32\WINMM.dll
0x00007ffa08740000 - 0x00007ffa0874a000 	C:\Windows\SYSTEM32\VERSION.dll
0x00007ffa0ef30000 - 0x00007ffa0ef42000 	C:\Windows\SYSTEM32\kernel.appcore.dll
0x00007ffa0a490000 - 0x00007ffa0a49a000 	C:\Users\sfjbs\Downloads\spring-20220601T092640Z-001\spring\sts-4.14.1.RELEASE\plugins\org.eclipse.justj.openjdk.hotspot.jre.full.win32.x86_64_17.0.2.v20220201-1208\jre\bin\jimage.dll
0x00007ffa09db0000 - 0x00007ffa09f94000 	C:\Windows\SYSTEM32\DBGHELP.DLL
0x00007ffa09d80000 - 0x00007ffa09dac000 	C:\Windows\SYSTEM32\dbgcore.DLL
0x00007ffa11160000 - 0x00007ffa111e2000 	C:\Windows\System32\bcryptPrimitives.dll
0x00007ffa08f00000 - 0x00007ffa08f25000 	C:\Users\sfjbs\Downloads\spring-20220601T092640Z-001\spring\sts-4.14.1.RELEASE\plugins\org.eclipse.justj.openjdk.hotspot.jre.full.win32.x86_64_17.0.2.v20220201-1208\jre\bin\java.dll
0x00007ffa09fb0000 - 0x00007ffa09fc8000 	C:\Users\sfjbs\Downloads\spring-20220601T092640Z-001\spring\sts-4.14.1.RELEASE\plugins\org.eclipse.justj.openjdk.hotspot.jre.full.win32.x86_64_17.0.2.v20220201-1208\jre\bin\zip.dll
0x00007ffa12cd0000 - 0x00007ffa13414000 	C:\Windows\System32\SHELL32.dll
0x00007ffa0f130000 - 0x00007ffa0f8c4000 	C:\Windows\SYSTEM32\windows.storage.dll
0x00007ffa12970000 - 0x00007ffa12cc4000 	C:\Windows\System32\combase.dll
0x00007ffa10900000 - 0x00007ffa1092c000 	C:\Windows\SYSTEM32\Wldp.dll
0x00007ffa12410000 - 0x00007ffa124bd000 	C:\Windows\System32\SHCORE.dll
0x00007ffa123b0000 - 0x00007ffa12405000 	C:\Windows\System32\shlwapi.dll
0x00007ffa10f90000 - 0x00007ffa10faf000 	C:\Windows\SYSTEM32\profapi.dll
0x00007ffa08f90000 - 0x00007ffa08fa9000 	C:\Users\sfjbs\Downloads\spring-20220601T092640Z-001\spring\sts-4.14.1.RELEASE\plugins\org.eclipse.justj.openjdk.hotspot.jre.full.win32.x86_64_17.0.2.v20220201-1208\jre\bin\net.dll
0x00007ffa053d0000 - 0x00007ffa054da000 	C:\Windows\SYSTEM32\WINHTTP.dll
0x00007ffa106e0000 - 0x00007ffa1074a000 	C:\Windows\system32\mswsock.dll
0x00007ff9fd420000 - 0x00007ff9fd435000 	C:\Users\sfjbs\Downloads\spring-20220601T092640Z-001\spring\sts-4.14.1.RELEASE\plugins\org.eclipse.justj.openjdk.hotspot.jre.full.win32.x86_64_17.0.2.v20220201-1208\jre\bin\nio.dll
0x00007ffa08ff0000 - 0x00007ffa08ff9000 	C:\Users\sfjbs\Downloads\spring-20220601T092640Z-001\spring\sts-4.14.1.RELEASE\plugins\org.eclipse.justj.openjdk.hotspot.jre.full.win32.x86_64_17.0.2.v20220201-1208\jre\bin\management.dll
0x00007ffa04d20000 - 0x00007ffa04d2b000 	C:\Users\sfjbs\Downloads\spring-20220601T092640Z-001\spring\sts-4.14.1.RELEASE\plugins\org.eclipse.justj.openjdk.hotspot.jre.full.win32.x86_64_17.0.2.v20220201-1208\jre\bin\management_ext.dll
0x00007ffa000b0000 - 0x00007ffa000c7000 	C:\Windows\system32\napinsp.dll
0x00007ffa00090000 - 0x00007ffa000ab000 	C:\Windows\system32\pnrpnsp.dll
0x00007ffa00070000 - 0x00007ffa00085000 	C:\Windows\system32\wshbth.dll
0x00007ffa0a410000 - 0x00007ffa0a42d000 	C:\Windows\system32\NLAapi.dll
0x00007ffa103f0000 - 0x00007ffa1042b000 	C:\Windows\SYSTEM32\IPHLPAPI.DLL
0x00007ffa10440000 - 0x00007ffa1050b000 	C:\Windows\SYSTEM32\DNSAPI.dll
0x00007ffa12740000 - 0x00007ffa12748000 	C:\Windows\System32\NSI.dll
0x00007ffa00050000 - 0x00007ffa00062000 	C:\Windows\System32\winrnr.dll
0x00007ffa04380000 - 0x00007ffa0438a000 	C:\Windows\System32\rasadhlp.dll
0x00007ffa05650000 - 0x00007ffa056d0000 	C:\Windows\System32\fwpuclnt.dll
0x00007ffa11050000 - 0x00007ffa11077000 	C:\Windows\System32\bcrypt.dll
0x00007ffa10940000 - 0x00007ffa10958000 	C:\Windows\SYSTEM32\CRYPTSP.dll
0x00007ffa10080000 - 0x00007ffa100b4000 	C:\Windows\system32\rsaenh.dll
0x00007ffa10f10000 - 0x00007ffa10f3e000 	C:\Windows\SYSTEM32\USERENV.dll
0x00007ffa10870000 - 0x00007ffa1087c000 	C:\Windows\SYSTEM32\CRYPTBASE.dll
0x00007ffa0a080000 - 0x00007ffa0a097000 	C:\Windows\SYSTEM32\dhcpcsvc6.DLL
0x00007ffa0a060000 - 0x00007ffa0a07d000 	C:\Windows\SYSTEM32\dhcpcsvc.DLL

dbghelp: loaded successfully - version: 4.0.5 - missing functions: none
symbol engine: initialized successfully - sym options: 0x614 - pdb path: .;C:\Users\sfjbs\Downloads\spring-20220601T092640Z-001\spring\sts-4.14.1.RELEASE\plugins\org.eclipse.justj.openjdk.hotspot.jre.full.win32.x86_64_17.0.2.v20220201-1208\jre\bin;C:\Windows\SYSTEM32;C:\Windows\WinSxS\amd64_microsoft.windows.common-controls_6595b64144ccf1df_6.0.19041.1110_none_60b5254171f9507e;C:\Users\sfjbs\Downloads\spring-20220601T092640Z-001\spring\sts-4.14.1.RELEASE\plugins\org.eclipse.justj.openjdk.hotspot.jre.full.win32.x86_64_17.0.2.v20220201-1208\jre\bin\server

VM Arguments:
jvm_args: -Dcom.sun.management.jmxremote -Dcom.sun.management.jmxremote.port=50546 -Dcom.sun.management.jmxremote.authenticate=false -Dcom.sun.management.jmxremote.ssl=false -Djava.rmi.server.hostname=localhost -Dspring.jmx.enabled=true -Dspring.application.admin.enabled=true -XX:TieredStopAtLevel=1 -Dspring.boot.project.name=process-pension-microservice -Dfile.encoding=UTF-8 -XX:+ShowCodeDetailsInExceptionMessages 
java_command: com.processpension.ProcessPensionMicroserviceApplication --spring.output.ansi.enabled=always
java_class_path (initial): D:\PensionManagement\process-pension-microservice\target\classes;C:\Users\sfjbs\.m2\repository\org\springframework\boot\spring-boot-starter-data-jpa\2.7.0\spring-boot-starter-data-jpa-2.7.0.jar;C:\Users\sfjbs\.m2\repository\org\springframework\boot\spring-boot-starter-aop\2.7.0\spring-boot-starter-aop-2.7.0.jar;C:\Users\sfjbs\.m2\repository\org\springframework\spring-aop\5.3.20\spring-aop-5.3.20.jar;C:\Users\sfjbs\.m2\repository\org\aspectj\aspectjweaver\1.9.7\aspectjweaver-1.9.7.jar;C:\Users\sfjbs\.m2\repository\org\springframework\boot\spring-boot-starter-jdbc\2.7.0\spring-boot-starter-jdbc-2.7.0.jar;C:\Users\sfjbs\.m2\repository\com\zaxxer\HikariCP\4.0.3\HikariCP-4.0.3.jar;C:\Users\sfjbs\.m2\repository\org\springframework\spring-jdbc\5.3.20\spring-jdbc-5.3.20.jar;C:\Users\sfjbs\.m2\repository\jakarta\transaction\jakarta.transaction-api\1.3.3\jakarta.transaction-api-1.3.3.jar;C:\Users\sfjbs\.m2\repository\jakarta\persistence\jakarta.persistence-api\2.2.3\jakarta.persistence-api-2.2.3.jar;C:\Users\sfjbs\.m2\repository\org\hibernate\hibernate-core\5.6.9.Final\hibernate-core-5.6.9.Final.jar;C:\Users\sfjbs\.m2\repository\org\jboss\logging\jboss-logging\3.4.3.Final\jboss-logging-3.4.3.Final.jar;C:\Users\sfjbs\.m2\repository\net\bytebuddy\byte-buddy\1.12.10\byte-buddy-1.12.10.jar;C:\Users\sfjbs\.m2\repository\antlr\antlr\2.7.7\antlr-2.7.7.jar;C:\Users\sfjbs\.m2\repository\org\jboss\jandex\2.4.2.Final\jandex-2.4.2.Final.jar;C:\Users\sfjbs\.m2\repository\com\fasterxml\classmate\1.5.1\classmate-1.5.1.jar;C:\Users\sfjbs\.m2\repository\org\hibernate\common\hibernate-commons-annotations\5.1.2.Final\hibernate-commons-annotations-5.1.2.Final.jar;C:\Users\sfjbs\.m2\repository\org\glassfish\jaxb\jaxb-runtime\2.3.6\jaxb-runtime-2.3.6.jar;C:\Users\sfjbs\.m2\repository\org\glassfish\jaxb\txw2\2.3.6\txw2-2.3.6.jar;C:\Users\sfjbs\.m2\repository\com\sun\istack\istack-commons-runtime\3.0.12\istack-commons-runtime-3.0.12.jar;C:\Users\sfjbs\.m2\repository\com\
Launcher Type: SUN_STANDARD

[Global flags]
     intx CICompilerCount                          = 2                                         {product} {ergonomic}
     uint ConcGCThreads                            = 1                                         {product} {ergonomic}
     uint G1ConcRefinementThreads                  = 2                                         {product} {ergonomic}
   size_t G1HeapRegionSize                         = 1048576                                   {product} {ergonomic}
    uintx GCDrainStackTargetSize                   = 64                                        {product} {ergonomic}
   size_t InitialHeapSize                          = 134217728                                 {product} {ergonomic}
     bool ManagementServer                         = true                                      {product} {command line}
   size_t MarkStackSize                            = 4194304                                   {product} {ergonomic}
   size_t MaxHeapSize                              = 2147483648                                {product} {ergonomic}
   size_t MaxNewSize                               = 1287651328                                {product} {ergonomic}
   size_t MinHeapDeltaBytes                        = 1048576                                   {product} {ergonomic}
   size_t MinHeapSize                              = 8388608                                   {product} {ergonomic}
    uintx NonProfiledCodeHeapSize                  = 0                                      {pd product} {ergonomic}
     bool ProfileInterpreter                       = false                                  {pd product} {command line}
    uintx ProfiledCodeHeapSize                     = 0                                      {pd product} {ergonomic}
     bool ShowCodeDetailsInExceptionMessages       = true                                   {manageable} {command line}
   size_t SoftMaxHeapSize                          = 2147483648                             {manageable} {ergonomic}
     intx TieredStopAtLevel                        = 1                                         {product} {command line}
     bool UseCompressedClassPointers               = true                           {product lp64_product} {ergonomic}
     bool UseCompressedOops                        = true                           {product lp64_product} {ergonomic}
     bool UseG1GC                                  = true                                      {product} {ergonomic}
     bool UseLargePagesIndividualAllocation        = false                                  {pd product} {ergonomic}

Logging:
Log output configuration:
 #0: stdout all=warning uptime,level,tags
 #1: stderr all=off uptime,level,tags

Environment Variables:
PATH=C:/Users/sfjbs/Downloads/spring-20220601T092640Z-001/spring/sts-4.14.1.RELEASE//plugins/org.eclipse.justj.openjdk.hotspot.jre.full.win32.x86_64_17.0.2.v20220201-1208/jre/bin/server;C:/Users/sfjbs/Downloads/spring-20220601T092640Z-001/spring/sts-4.14.1.RELEASE//plugins/org.eclipse.justj.openjdk.hotspot.jre.full.win32.x86_64_17.0.2.v20220201-1208/jre/bin;C:\Program Files\Eclipse Adoptium\jdk-11.0.15.10-hotspot\bin;C:\Program Files\Common Files\Oracle\Java\javapath;C:\Windows\system32;C:\Windows;C:\Windows\System32\Wbem;C:\Windows\System32\WindowsPowerShell\v1.0\;C:\Windows\System32\OpenSSH\;C:\Program Files\Git\cmd;C:\Program Files\Docker\Docker\resources\bin;C:\ProgramData\DockerDesktop\version-bin;C:\Users\sfjbs\AppData\Local\Microsoft\WindowsApps;C:\Program Files\MongoDB\Server\5.0\bin;C:\Windows\System32\cmd.exe;C:\Users\sfjbs\AppData\Local\Programs\Microsoft VS Code\bin;C:\Users\sfjbs\Downloads\spring-20220601T092640Z-001\spring\sts-4.14.1.RELEASE;
USERNAME=sfjbs
OS=Windows_NT
PROCESSOR_IDENTIFIER=Intel64 Family 6 Model 79 Stepping 1, GenuineIntel



---------------  S Y S T E M  ---------------

OS:
 Windows 10 , 64 bit Build 19041 (10.0.19041.1741)
OS uptime: 3 days 22:41 hours
Hyper-V role detected

CPU: total 2 (initial active 2) (1 cores per cpu, 2 threads per core) family 6 model 79 stepping 1 microcode 0xffffffff, cx8, cmov, fxsr, ht, mmx, 3dnowpref, sse, sse2, sse3, ssse3, sse4.1, sse4.2, popcnt, lzcnt, tsc, avx, avx2, aes, erms, clmul, bmi1, bmi2, rtm, adx, fma, vzeroupper, clflush, hv

Memory: 4k page, system-wide physical 8190M (488M free)
TotalPageFile size 10238M (AvailPageFile size 2M)
current process WorkingSet (physical memory assigned to process): 54M, peak: 54M
current process commit charge ("private bytes"): 197M, peak: 197M

vm_info: OpenJDK 64-Bit Server VM (17.0.2+8) for windows-amd64 JRE (17.0.2+8), built on Jan 20 2022 04:52:34 by "" with MS VC++ 16.7 (VS2019)

END.
